2022-12-28 09:09:18.994  WARN 17420 --- [HikariPool-5 housekeeper] com.zaxxer.hikari.pool.HikariPool        : HikariPool-5 - Thread starvation or clock leap detected (housekeeper delta=12h4s668ms922µs700ns).
2022-12-28 09:13:52.788  INFO 19496 --- [restartedMain] c.v.s.s.SpringSecurityTestApplication    : Starting SpringSecurityTestApplication using Java 1.8.0_121 on VDC01LTC2041 with PID 19496 (E:\26-12\26-12-Afrernoon\Spiceland-12-12-2022\Spice-Land\target\classes started by Akshay.K in E:\26-12\26-12-Afrernoon\Spiceland-12-12-2022\Spice-Land)
2022-12-28 09:13:52.789 DEBUG 19496 --- [restartedMain] c.v.s.s.SpringSecurityTestApplication    : Running with Spring Boot v2.7.4, Spring v5.3.23
2022-12-28 09:13:52.790  INFO 19496 --- [restartedMain] c.v.s.s.SpringSecurityTestApplication    : No active profile set, falling back to 1 default profile: "default"
2022-12-28 09:13:52.973  INFO 19496 --- [restartedMain] o.s.b.devtools.restart.ChangeableUrls    : The Class-Path manifest attribute in C:\Users\akshay.k\.m2\repository\com\oracle\database\jdbc\ojdbc8\21.5.0.0\ojdbc8-21.5.0.0.jar referenced one or more files that do not exist: file:/C:/Users/akshay.k/.m2/repository/com/oracle/database/jdbc/ojdbc8/21.5.0.0/oraclepki.jar
2022-12-28 09:13:52.973  INFO 19496 --- [restartedMain] .e.DevToolsPropertyDefaultsPostProcessor : Devtools property defaults active! Set 'spring.devtools.add-properties' to 'false' to disable
2022-12-28 09:13:52.974  INFO 19496 --- [restartedMain] .e.DevToolsPropertyDefaultsPostProcessor : For additional web related logging consider setting the 'logging.level.web' property to 'DEBUG'
2022-12-28 09:13:53.869  INFO 19496 --- [restartedMain] .s.d.r.c.RepositoryConfigurationDelegate : Bootstrapping Spring Data JPA repositories in DEFAULT mode.
2022-12-28 09:13:53.970  INFO 19496 --- [restartedMain] .s.d.r.c.RepositoryConfigurationDelegate : Finished Spring Data repository scanning in 87 ms. Found 5 JPA repository interfaces.
2022-12-28 09:14:03.267  INFO 19496 --- [restartedMain] o.s.b.w.embedded.tomcat.TomcatWebServer  : Tomcat initialized with port(s): 9090 (http)
2022-12-28 09:14:03.325  INFO 19496 --- [restartedMain] o.apache.catalina.core.StandardService   : Starting service [Tomcat]
2022-12-28 09:14:03.326  INFO 19496 --- [restartedMain] org.apache.catalina.core.StandardEngine  : Starting Servlet engine: [Apache Tomcat/9.0.65]
2022-12-28 09:14:04.694  INFO 19496 --- [restartedMain] org.apache.jasper.servlet.TldScanner     : At least one JAR was scanned for TLDs yet contained no TLDs. Enable debug logging for this logger for a complete list of JARs that were scanned but no TLDs were found in them. Skipping unneeded JARs during scanning can improve startup time and JSP compilation time.
2022-12-28 09:14:04.708  INFO 19496 --- [restartedMain] o.a.c.c.C.[Tomcat].[localhost].[/]       : Initializing Spring embedded WebApplicationContext
2022-12-28 09:14:04.708  INFO 19496 --- [restartedMain] w.s.c.ServletWebServerApplicationContext : Root WebApplicationContext: initialization completed in 11734 ms
2022-12-28 09:14:07.569  INFO 19496 --- [restartedMain] o.hibernate.jpa.internal.util.LogHelper  : HHH000204: Processing PersistenceUnitInfo [name: default]
2022-12-28 09:14:07.781  INFO 19496 --- [restartedMain] org.hibernate.Version                    : HHH000412: Hibernate ORM core version 5.6.11.Final
2022-12-28 09:14:08.813  INFO 19496 --- [restartedMain] o.hibernate.annotations.common.Version   : HCANN000001: Hibernate Commons Annotations {5.1.2.Final}
2022-12-28 09:14:09.281  INFO 19496 --- [restartedMain] com.zaxxer.hikari.HikariDataSource       : HikariPool-1 - Starting...
2022-12-28 09:14:09.286  WARN 19496 --- [restartedMain] com.zaxxer.hikari.util.DriverDataSource  : Registered driver with driverClassName=oracle.jdbc.driver.OracleDriver was not found, trying direct instantiation.
2022-12-28 09:14:11.119  INFO 19496 --- [restartedMain] com.zaxxer.hikari.HikariDataSource       : HikariPool-1 - Start completed.
2022-12-28 09:14:11.216  INFO 19496 --- [restartedMain] org.hibernate.dialect.Dialect            : HHH000400: Using dialect: org.hibernate.dialect.Oracle10gDialect
2022-12-28 09:14:48.366  INFO 19496 --- [restartedMain] o.h.e.t.j.p.i.JtaPlatformInitiator       : HHH000490: Using JtaPlatform implementation: [org.hibernate.engine.transaction.jta.platform.internal.NoJtaPlatform]
2022-12-28 09:14:48.376  INFO 19496 --- [restartedMain] j.LocalContainerEntityManagerFactoryBean : Initialized JPA EntityManagerFactory for persistence unit 'default'
2022-12-28 09:14:48.491  WARN 19496 --- [restartedMain] JpaBaseConfiguration$JpaWebConfiguration : spring.jpa.open-in-view is enabled by default. Therefore, database queries may be performed during view rendering. Explicitly configure spring.jpa.open-in-view to disable this warning
2022-12-28 09:14:52.874  WARN 19496 --- [restartedMain] o.s.s.c.a.web.builders.WebSecurity       : You are asking Spring Security to ignore Ant [pattern='/css/**']. This is not recommended -- please use permitAll via HttpSecurity#authorizeHttpRequests instead.
2022-12-28 09:14:52.883  INFO 19496 --- [restartedMain] o.s.s.web.DefaultSecurityFilterChain     : Will not secure Ant [pattern='/css/**']
2022-12-28 09:14:52.884  WARN 19496 --- [restartedMain] o.s.s.c.a.web.builders.WebSecurity       : You are asking Spring Security to ignore Ant [pattern='/images/**']. This is not recommended -- please use permitAll via HttpSecurity#authorizeHttpRequests instead.
2022-12-28 09:14:52.884  INFO 19496 --- [restartedMain] o.s.s.web.DefaultSecurityFilterChain     : Will not secure Ant [pattern='/images/**']
2022-12-28 09:14:52.884  WARN 19496 --- [restartedMain] o.s.s.c.a.web.builders.WebSecurity       : You are asking Spring Security to ignore Ant [pattern='/js/**']. This is not recommended -- please use permitAll via HttpSecurity#authorizeHttpRequests instead.
2022-12-28 09:14:52.884  INFO 19496 --- [restartedMain] o.s.s.web.DefaultSecurityFilterChain     : Will not secure Ant [pattern='/js/**']
2022-12-28 09:14:53.074  INFO 19496 --- [restartedMain] o.s.s.web.DefaultSecurityFilterChain     : Will secure any request with [org.springframework.security.web.session.DisableEncodeUrlFilter@40ca91a9, org.springframework.security.web.context.request.async.WebAsyncManagerIntegrationFilter@1c4cf1d9, org.springframework.security.web.context.SecurityContextPersistenceFilter@1780c5f3, org.springframework.security.web.header.HeaderWriterFilter@2546b4c3, org.springframework.security.web.authentication.logout.LogoutFilter@30fc2e6f, org.springframework.security.web.authentication.UsernamePasswordAuthenticationFilter@6e1d21e0, org.springframework.security.web.savedrequest.RequestCacheAwareFilter@6f0675dd, org.springframework.security.web.servletapi.SecurityContextHolderAwareRequestFilter@133c8da6, org.springframework.security.web.authentication.AnonymousAuthenticationFilter@510830c, org.springframework.security.web.session.SessionManagementFilter@5ff61da9, org.springframework.security.web.access.ExceptionTranslationFilter@3ab7a962, org.springframework.security.web.access.intercept.FilterSecurityInterceptor@1b76a371]
2022-12-28 09:14:54.066  INFO 19496 --- [restartedMain] o.s.b.a.w.s.WelcomePageHandlerMapping    : Adding welcome page template: index
2022-12-28 09:14:56.123  INFO 19496 --- [restartedMain] o.s.b.d.a.OptionalLiveReloadServer       : LiveReload server is running on port 35729
2022-12-28 09:14:56.614  INFO 19496 --- [restartedMain] o.s.b.w.embedded.tomcat.TomcatWebServer  : Tomcat started on port(s): 9090 (http) with context path ''
2022-12-28 09:14:56.638  INFO 19496 --- [restartedMain] c.v.s.s.SpringSecurityTestApplication    : Started SpringSecurityTestApplication in 64.378 seconds (JVM running for 77.168)
2022-12-28 09:43:49.778  INFO 19496 --- [http-nio-9090-exec-2] o.a.c.c.C.[Tomcat].[localhost].[/]       : Initializing Spring DispatcherServlet 'dispatcherServlet'
2022-12-28 09:43:49.779  INFO 19496 --- [http-nio-9090-exec-2] o.s.web.servlet.DispatcherServlet        : Initializing Servlet 'dispatcherServlet'
2022-12-28 09:43:49.780  INFO 19496 --- [http-nio-9090-exec-2] o.s.web.servlet.DispatcherServlet        : Completed initialization in 1 ms
2022-12-28 09:43:55.723  INFO 19496 --- [http-nio-9090-exec-4] c.v.s.s.controllers.HelloController      : Navigation towards login page
2022-12-28 09:43:59.756  INFO 19496 --- [http-nio-9090-exec-5] c.v.s.s.service.UserDetailsServiceImpl   : Fetching the role through username
2022-12-28 09:44:00.000 DEBUG 19496 --- [http-nio-9090-exec-5] c.v.s.s.service.UserDetailsServiceImpl   : The role of akshayisADMIN
2022-12-28 09:44:00.000 DEBUG 19496 --- [http-nio-9090-exec-5] c.v.s.s.controllers.HelloController      : Logging with the role as ADMIN
2022-12-28 09:44:00.001  INFO 19496 --- [http-nio-9090-exec-5] c.v.s.s.service.UserDetailsServiceImpl   : Finding the password by username
2022-12-28 09:44:00.139 DEBUG 19496 --- [http-nio-9090-exec-5] c.v.s.s.controllers.HelloController      : akshayakshay
2022-12-28 09:44:00.140  INFO 19496 --- [http-nio-9090-exec-5] c.v.s.s.service.UserDetailsServiceImpl   : Fetching the ID through username
2022-12-28 09:44:00.143 DEBUG 19496 --- [http-nio-9090-exec-5] c.v.s.s.service.UserDetailsServiceImpl   : The id ofakshayis73
2022-12-28 09:44:00.143 DEBUG 19496 --- [http-nio-9090-exec-5] c.v.s.s.controllers.HelloController      : akshayhas successfully logged-in as ADMIN
2022-12-28 09:44:00.261  INFO 19496 --- [http-nio-9090-exec-9] c.v.s.s.controllers.AdminController      : Navigating towards SELLER dashboard with the user-id 73
2022-12-28 09:44:00.262  INFO 19496 --- [http-nio-9090-exec-9] c.v.s.s.service.UserDetailsServiceImpl   : Fetching details of the user through Id
2022-12-28 09:44:00.570 DEBUG 19496 --- [http-nio-9090-exec-9] c.v.s.s.service.UserDetailsServiceImpl   : user details of id73isUser [id=73, name=Akshay Kumar , email=ak@gmail.com, username=akshay, pass=$2a$10$9IVh6dDr4I6Bqkp0JmBltu6FUh2ZkkEuxg3v3R25jh8EQzER5vZNy, street=#15th cross, area=MG Road, city=Bangalore, pincode=570001, contact=9686083678, enabled=true, role=ADMIN, roles=[Role [id=1, name=ADMIN]], products=[com.valtech.spring.security.entity.Products@11eaa960, com.valtech.spring.security.entity.Products@1422bfee]]
2022-12-28 09:44:00.570  INFO 19496 --- [http-nio-9090-exec-9] c.v.s.s.service.UserDetailsServiceImpl   : Fetching user with id73
2022-12-28 09:44:00.598 DEBUG 19496 --- [http-nio-9090-exec-9] c.v.s.s.service.UserDetailsServiceImpl   : User with id=73isUser [id=73, name=Akshay Kumar , email=ak@gmail.com, username=akshay, pass=$2a$10$9IVh6dDr4I6Bqkp0JmBltu6FUh2ZkkEuxg3v3R25jh8EQzER5vZNy, street=#15th cross, area=MG Road, city=Bangalore, pincode=570001, contact=9686083678, enabled=true, role=ADMIN, roles=[Role [id=1, name=ADMIN]], products=[com.valtech.spring.security.entity.Products@11eaa960, com.valtech.spring.security.entity.Products@1422bfee]]
2022-12-28 09:44:00.599 DEBUG 19496 --- [http-nio-9090-exec-9] c.v.s.s.controllers.AdminController      : The seller Akshay Kumar has been succesfully entered the dashboard
2022-12-28 09:44:02.843  INFO 19496 --- [http-nio-9090-exec-8] c.v.s.s.service.UserDetailsServiceImpl   : Fetching details of the user through Id
2022-12-28 09:44:03.048 DEBUG 19496 --- [http-nio-9090-exec-8] c.v.s.s.service.UserDetailsServiceImpl   : user details of id73isUser [id=73, name=Akshay Kumar , email=ak@gmail.com, username=akshay, pass=$2a$10$9IVh6dDr4I6Bqkp0JmBltu6FUh2ZkkEuxg3v3R25jh8EQzER5vZNy, street=#15th cross, area=MG Road, city=Bangalore, pincode=570001, contact=9686083678, enabled=true, role=ADMIN, roles=[Role [id=1, name=ADMIN]], products=[com.valtech.spring.security.entity.Products@1ef6a27, com.valtech.spring.security.entity.Products@43c147bd]]
2022-12-28 09:44:03.048  INFO 19496 --- [http-nio-9090-exec-8] c.v.s.s.controllers.AdminController      : Displaying the entire product list added by the seller Akshay Kumar 
2022-12-28 09:44:03.048  INFO 19496 --- [http-nio-9090-exec-8] c.v.s.s.service.UserDetailsServiceImpl   : Fetching user with id73
2022-12-28 09:44:03.051 DEBUG 19496 --- [http-nio-9090-exec-8] c.v.s.s.service.UserDetailsServiceImpl   : User with id=73isUser [id=73, name=Akshay Kumar , email=ak@gmail.com, username=akshay, pass=$2a$10$9IVh6dDr4I6Bqkp0JmBltu6FUh2ZkkEuxg3v3R25jh8EQzER5vZNy, street=#15th cross, area=MG Road, city=Bangalore, pincode=570001, contact=9686083678, enabled=true, role=ADMIN, roles=[Role [id=1, name=ADMIN]], products=[com.valtech.spring.security.entity.Products@1ef6a27, com.valtech.spring.security.entity.Products@43c147bd]]
2022-12-28 09:44:03.051  INFO 19496 --- [http-nio-9090-exec-8] c.v.s.s.service.UserDetailsServiceImpl   : Fetching user with id73
2022-12-28 09:44:03.052 DEBUG 19496 --- [http-nio-9090-exec-8] c.v.s.s.service.UserDetailsServiceImpl   : User with id=73isUser [id=73, name=Akshay Kumar , email=ak@gmail.com, username=akshay, pass=$2a$10$9IVh6dDr4I6Bqkp0JmBltu6FUh2ZkkEuxg3v3R25jh8EQzER5vZNy, street=#15th cross, area=MG Road, city=Bangalore, pincode=570001, contact=9686083678, enabled=true, role=ADMIN, roles=[Role [id=1, name=ADMIN]], products=[com.valtech.spring.security.entity.Products@1ef6a27, com.valtech.spring.security.entity.Products@43c147bd]]
2022-12-28 09:44:03.062  INFO 19496 --- [http-nio-9090-exec-8] c.v.s.s.service.ProductServiceImpl       : Listing of products through seller 
2022-12-28 09:44:03.094  INFO 19496 --- [http-nio-9090-exec-8] c.v.s.s.service.ProductServiceImpl       : Listing of products through seller 
2022-12-28 09:44:03.119 DEBUG 19496 --- [http-nio-9090-exec-8] c.v.s.s.controllers.AdminController      : Displaying products [com.valtech.spring.security.entity.Products@1ef6a27, com.valtech.spring.security.entity.Products@43c147bd]added by the seller Akshay Kumar 
2022-12-28 09:44:06.541  INFO 19496 --- [http-nio-9090-exec-4] c.v.s.s.controllers.AdminController      : Deleting the product
2022-12-28 09:44:06.542  INFO 19496 --- [http-nio-9090-exec-4] c.v.s.s.service.ProductServiceImpl       : Fetching product with id 269
2022-12-28 09:44:06.749 DEBUG 19496 --- [http-nio-9090-exec-4] c.v.s.s.service.ProductServiceImpl       : Product with id = 269 is com.valtech.spring.security.entity.Products@67023126
2022-12-28 09:44:06.749  INFO 19496 --- [http-nio-9090-exec-4] c.v.s.s.service.ProductServiceImpl       : Deleting product
2022-12-28 09:44:06.805  INFO 19496 --- [http-nio-9090-exec-7] c.v.s.s.service.UserDetailsServiceImpl   : Fetching details of the user through Id
2022-12-28 09:44:06.908 DEBUG 19496 --- [http-nio-9090-exec-7] c.v.s.s.service.UserDetailsServiceImpl   : user details of id73isUser [id=73, name=Akshay Kumar , email=ak@gmail.com, username=akshay, pass=$2a$10$9IVh6dDr4I6Bqkp0JmBltu6FUh2ZkkEuxg3v3R25jh8EQzER5vZNy, street=#15th cross, area=MG Road, city=Bangalore, pincode=570001, contact=9686083678, enabled=true, role=ADMIN, roles=[Role [id=1, name=ADMIN]], products=[com.valtech.spring.security.entity.Products@3aad7516]]
2022-12-28 09:44:06.908  INFO 19496 --- [http-nio-9090-exec-7] c.v.s.s.controllers.AdminController      : Displaying the entire product list added by the seller Akshay Kumar 
2022-12-28 09:44:06.908  INFO 19496 --- [http-nio-9090-exec-7] c.v.s.s.service.UserDetailsServiceImpl   : Fetching user with id73
2022-12-28 09:44:06.910 DEBUG 19496 --- [http-nio-9090-exec-7] c.v.s.s.service.UserDetailsServiceImpl   : User with id=73isUser [id=73, name=Akshay Kumar , email=ak@gmail.com, username=akshay, pass=$2a$10$9IVh6dDr4I6Bqkp0JmBltu6FUh2ZkkEuxg3v3R25jh8EQzER5vZNy, street=#15th cross, area=MG Road, city=Bangalore, pincode=570001, contact=9686083678, enabled=true, role=ADMIN, roles=[Role [id=1, name=ADMIN]], products=[com.valtech.spring.security.entity.Products@3aad7516]]
2022-12-28 09:44:06.911  INFO 19496 --- [http-nio-9090-exec-7] c.v.s.s.service.UserDetailsServiceImpl   : Fetching user with id73
2022-12-28 09:44:06.913 DEBUG 19496 --- [http-nio-9090-exec-7] c.v.s.s.service.UserDetailsServiceImpl   : User with id=73isUser [id=73, name=Akshay Kumar , email=ak@gmail.com, username=akshay, pass=$2a$10$9IVh6dDr4I6Bqkp0JmBltu6FUh2ZkkEuxg3v3R25jh8EQzER5vZNy, street=#15th cross, area=MG Road, city=Bangalore, pincode=570001, contact=9686083678, enabled=true, role=ADMIN, roles=[Role [id=1, name=ADMIN]], products=[com.valtech.spring.security.entity.Products@3aad7516]]
2022-12-28 09:44:06.913  INFO 19496 --- [http-nio-9090-exec-7] c.v.s.s.service.ProductServiceImpl       : Listing of products through seller 
2022-12-28 09:44:06.930  INFO 19496 --- [http-nio-9090-exec-7] c.v.s.s.service.ProductServiceImpl       : Listing of products through seller 
2022-12-28 09:44:06.944 DEBUG 19496 --- [http-nio-9090-exec-7] c.v.s.s.controllers.AdminController      : Displaying products [com.valtech.spring.security.entity.Products@3aad7516]added by the seller Akshay Kumar 
2022-12-28 09:44:07.996  INFO 19496 --- [http-nio-9090-exec-6] c.v.s.s.controllers.AdminController      : Deleting the product
2022-12-28 09:44:07.997  INFO 19496 --- [http-nio-9090-exec-6] c.v.s.s.service.ProductServiceImpl       : Fetching product with id 276
2022-12-28 09:44:08.112 DEBUG 19496 --- [http-nio-9090-exec-6] c.v.s.s.service.ProductServiceImpl       : Product with id = 276 is com.valtech.spring.security.entity.Products@7c4706fe
2022-12-28 09:44:08.113  INFO 19496 --- [http-nio-9090-exec-6] c.v.s.s.service.ProductServiceImpl       : Deleting product
2022-12-28 09:44:08.141  INFO 19496 --- [http-nio-9090-exec-8] c.v.s.s.service.UserDetailsServiceImpl   : Fetching details of the user through Id
2022-12-28 09:44:08.150 DEBUG 19496 --- [http-nio-9090-exec-8] c.v.s.s.service.UserDetailsServiceImpl   : user details of id73isUser [id=73, name=Akshay Kumar , email=ak@gmail.com, username=akshay, pass=$2a$10$9IVh6dDr4I6Bqkp0JmBltu6FUh2ZkkEuxg3v3R25jh8EQzER5vZNy, street=#15th cross, area=MG Road, city=Bangalore, pincode=570001, contact=9686083678, enabled=true, role=ADMIN, roles=[Role [id=1, name=ADMIN]], products=[]]
2022-12-28 09:44:08.150  INFO 19496 --- [http-nio-9090-exec-8] c.v.s.s.controllers.AdminController      : Displaying the entire product list added by the seller Akshay Kumar 
2022-12-28 09:44:08.150  INFO 19496 --- [http-nio-9090-exec-8] c.v.s.s.service.UserDetailsServiceImpl   : Fetching user with id73
2022-12-28 09:44:08.152 DEBUG 19496 --- [http-nio-9090-exec-8] c.v.s.s.service.UserDetailsServiceImpl   : User with id=73isUser [id=73, name=Akshay Kumar , email=ak@gmail.com, username=akshay, pass=$2a$10$9IVh6dDr4I6Bqkp0JmBltu6FUh2ZkkEuxg3v3R25jh8EQzER5vZNy, street=#15th cross, area=MG Road, city=Bangalore, pincode=570001, contact=9686083678, enabled=true, role=ADMIN, roles=[Role [id=1, name=ADMIN]], products=[]]
2022-12-28 09:44:08.152  INFO 19496 --- [http-nio-9090-exec-8] c.v.s.s.service.UserDetailsServiceImpl   : Fetching user with id73
2022-12-28 09:44:08.155 DEBUG 19496 --- [http-nio-9090-exec-8] c.v.s.s.service.UserDetailsServiceImpl   : User with id=73isUser [id=73, name=Akshay Kumar , email=ak@gmail.com, username=akshay, pass=$2a$10$9IVh6dDr4I6Bqkp0JmBltu6FUh2ZkkEuxg3v3R25jh8EQzER5vZNy, street=#15th cross, area=MG Road, city=Bangalore, pincode=570001, contact=9686083678, enabled=true, role=ADMIN, roles=[Role [id=1, name=ADMIN]], products=[]]
2022-12-28 09:44:08.155  INFO 19496 --- [http-nio-9090-exec-8] c.v.s.s.service.ProductServiceImpl       : Listing of products through seller 
2022-12-28 09:44:08.158  INFO 19496 --- [http-nio-9090-exec-8] c.v.s.s.service.ProductServiceImpl       : Listing of products through seller 
2022-12-28 09:44:08.161 DEBUG 19496 --- [http-nio-9090-exec-8] c.v.s.s.controllers.AdminController      : Displaying products []added by the seller Akshay Kumar 
2022-12-28 09:44:09.231  INFO 19496 --- [http-nio-9090-exec-4] c.v.s.s.controllers.AdminController      : Navigating towards SELLER dashboard with the user-id 73
2022-12-28 09:44:09.232  INFO 19496 --- [http-nio-9090-exec-4] c.v.s.s.service.UserDetailsServiceImpl   : Fetching details of the user through Id
2022-12-28 09:44:09.248 DEBUG 19496 --- [http-nio-9090-exec-4] c.v.s.s.service.UserDetailsServiceImpl   : user details of id73isUser [id=73, name=Akshay Kumar , email=ak@gmail.com, username=akshay, pass=$2a$10$9IVh6dDr4I6Bqkp0JmBltu6FUh2ZkkEuxg3v3R25jh8EQzER5vZNy, street=#15th cross, area=MG Road, city=Bangalore, pincode=570001, contact=9686083678, enabled=true, role=ADMIN, roles=[Role [id=1, name=ADMIN]], products=[]]
2022-12-28 09:44:09.248  INFO 19496 --- [http-nio-9090-exec-4] c.v.s.s.service.UserDetailsServiceImpl   : Fetching user with id73
2022-12-28 09:44:09.250 DEBUG 19496 --- [http-nio-9090-exec-4] c.v.s.s.service.UserDetailsServiceImpl   : User with id=73isUser [id=73, name=Akshay Kumar , email=ak@gmail.com, username=akshay, pass=$2a$10$9IVh6dDr4I6Bqkp0JmBltu6FUh2ZkkEuxg3v3R25jh8EQzER5vZNy, street=#15th cross, area=MG Road, city=Bangalore, pincode=570001, contact=9686083678, enabled=true, role=ADMIN, roles=[Role [id=1, name=ADMIN]], products=[]]
2022-12-28 09:44:09.251 DEBUG 19496 --- [http-nio-9090-exec-4] c.v.s.s.controllers.AdminController      : The seller Akshay Kumar has been succesfully entered the dashboard
2022-12-28 09:44:11.324  INFO 19496 --- [http-nio-9090-exec-1] c.v.s.s.controllers.HelloController      : Navigation towards login page
2022-12-28 09:44:14.120  INFO 19496 --- [http-nio-9090-exec-8] c.v.s.s.service.UserDetailsServiceImpl   : Fetching the role through username
2022-12-28 09:44:14.268 DEBUG 19496 --- [http-nio-9090-exec-8] c.v.s.s.service.UserDetailsServiceImpl   : The role of dddisADMIN
2022-12-28 09:44:14.268 DEBUG 19496 --- [http-nio-9090-exec-8] c.v.s.s.controllers.HelloController      : Logging with the role as ADMIN
2022-12-28 09:44:14.269  INFO 19496 --- [http-nio-9090-exec-8] c.v.s.s.service.UserDetailsServiceImpl   : Finding the password by username
2022-12-28 09:44:14.363 DEBUG 19496 --- [http-nio-9090-exec-8] c.v.s.s.controllers.HelloController      : dddddd
2022-12-28 09:44:14.363  INFO 19496 --- [http-nio-9090-exec-8] c.v.s.s.service.UserDetailsServiceImpl   : Fetching the ID through username
2022-12-28 09:44:14.365 DEBUG 19496 --- [http-nio-9090-exec-8] c.v.s.s.service.UserDetailsServiceImpl   : The id ofdddis127
2022-12-28 09:44:14.365 DEBUG 19496 --- [http-nio-9090-exec-8] c.v.s.s.controllers.HelloController      : dddhas successfully logged-in as ADMIN
2022-12-28 09:44:14.380  INFO 19496 --- [http-nio-9090-exec-2] c.v.s.s.controllers.AdminController      : Navigating towards SELLER dashboard with the user-id 127
2022-12-28 09:44:14.381  INFO 19496 --- [http-nio-9090-exec-2] c.v.s.s.service.UserDetailsServiceImpl   : Fetching details of the user through Id
2022-12-28 09:44:14.536 DEBUG 19496 --- [http-nio-9090-exec-2] c.v.s.s.service.UserDetailsServiceImpl   : user details of id127isUser [id=127, name=divya, email=divya@gmail.com, username=ddd, pass=$2a$10$1mkfXEvz5hcdqLe3GIXV0ec2LJZT.hvGolRl8Ok1WAqbei1fmg93q, street=Bangalore, area=jayanagar, city=Mysore, pincode=560064, contact=1234566756, enabled=true, role=ADMIN, roles=[Role [id=1, name=ADMIN]], products=[com.valtech.spring.security.entity.Products@19623c43, com.valtech.spring.security.entity.Products@3ce3bc07, com.valtech.spring.security.entity.Products@5f0670ab, com.valtech.spring.security.entity.Products@5540121d]]
2022-12-28 09:44:14.536  INFO 19496 --- [http-nio-9090-exec-2] c.v.s.s.service.UserDetailsServiceImpl   : Fetching user with id127
2022-12-28 09:44:14.540 DEBUG 19496 --- [http-nio-9090-exec-2] c.v.s.s.service.UserDetailsServiceImpl   : User with id=127isUser [id=127, name=divya, email=divya@gmail.com, username=ddd, pass=$2a$10$1mkfXEvz5hcdqLe3GIXV0ec2LJZT.hvGolRl8Ok1WAqbei1fmg93q, street=Bangalore, area=jayanagar, city=Mysore, pincode=560064, contact=1234566756, enabled=true, role=ADMIN, roles=[Role [id=1, name=ADMIN]], products=[com.valtech.spring.security.entity.Products@19623c43, com.valtech.spring.security.entity.Products@3ce3bc07, com.valtech.spring.security.entity.Products@5f0670ab, com.valtech.spring.security.entity.Products@5540121d]]
2022-12-28 09:44:14.540 DEBUG 19496 --- [http-nio-9090-exec-2] c.v.s.s.controllers.AdminController      : The seller divyahas been succesfully entered the dashboard
2022-12-28 09:44:15.731  INFO 19496 --- [http-nio-9090-exec-4] c.v.s.s.service.UserDetailsServiceImpl   : Fetching details of the user through Id
2022-12-28 09:44:15.889 DEBUG 19496 --- [http-nio-9090-exec-4] c.v.s.s.service.UserDetailsServiceImpl   : user details of id127isUser [id=127, name=divya, email=divya@gmail.com, username=ddd, pass=$2a$10$1mkfXEvz5hcdqLe3GIXV0ec2LJZT.hvGolRl8Ok1WAqbei1fmg93q, street=Bangalore, area=jayanagar, city=Mysore, pincode=560064, contact=1234566756, enabled=true, role=ADMIN, roles=[Role [id=1, name=ADMIN]], products=[com.valtech.spring.security.entity.Products@317f3c9d, com.valtech.spring.security.entity.Products@5a745913, com.valtech.spring.security.entity.Products@49b972c3, com.valtech.spring.security.entity.Products@49780a34]]
2022-12-28 09:44:15.889  INFO 19496 --- [http-nio-9090-exec-4] c.v.s.s.controllers.AdminController      : Displaying the entire product list added by the seller divya
2022-12-28 09:44:15.889  INFO 19496 --- [http-nio-9090-exec-4] c.v.s.s.service.UserDetailsServiceImpl   : Fetching user with id127
2022-12-28 09:44:15.890 DEBUG 19496 --- [http-nio-9090-exec-4] c.v.s.s.service.UserDetailsServiceImpl   : User with id=127isUser [id=127, name=divya, email=divya@gmail.com, username=ddd, pass=$2a$10$1mkfXEvz5hcdqLe3GIXV0ec2LJZT.hvGolRl8Ok1WAqbei1fmg93q, street=Bangalore, area=jayanagar, city=Mysore, pincode=560064, contact=1234566756, enabled=true, role=ADMIN, roles=[Role [id=1, name=ADMIN]], products=[com.valtech.spring.security.entity.Products@317f3c9d, com.valtech.spring.security.entity.Products@5a745913, com.valtech.spring.security.entity.Products@49b972c3, com.valtech.spring.security.entity.Products@49780a34]]
2022-12-28 09:44:15.890  INFO 19496 --- [http-nio-9090-exec-4] c.v.s.s.service.UserDetailsServiceImpl   : Fetching user with id127
2022-12-28 09:44:15.891 DEBUG 19496 --- [http-nio-9090-exec-4] c.v.s.s.service.UserDetailsServiceImpl   : User with id=127isUser [id=127, name=divya, email=divya@gmail.com, username=ddd, pass=$2a$10$1mkfXEvz5hcdqLe3GIXV0ec2LJZT.hvGolRl8Ok1WAqbei1fmg93q, street=Bangalore, area=jayanagar, city=Mysore, pincode=560064, contact=1234566756, enabled=true, role=ADMIN, roles=[Role [id=1, name=ADMIN]], products=[com.valtech.spring.security.entity.Products@317f3c9d, com.valtech.spring.security.entity.Products@5a745913, com.valtech.spring.security.entity.Products@49b972c3, com.valtech.spring.security.entity.Products@49780a34]]
2022-12-28 09:44:15.891  INFO 19496 --- [http-nio-9090-exec-4] c.v.s.s.service.ProductServiceImpl       : Listing of products through seller 
2022-12-28 09:44:15.924  INFO 19496 --- [http-nio-9090-exec-4] c.v.s.s.service.ProductServiceImpl       : Listing of products through seller 
2022-12-28 09:44:15.956 DEBUG 19496 --- [http-nio-9090-exec-4] c.v.s.s.controllers.AdminController      : Displaying products [com.valtech.spring.security.entity.Products@5a745913, com.valtech.spring.security.entity.Products@317f3c9d, com.valtech.spring.security.entity.Products@49b972c3, com.valtech.spring.security.entity.Products@49780a34]added by the seller divya
2022-12-28 09:44:17.683  INFO 19496 --- [http-nio-9090-exec-1] c.v.s.s.controllers.AdminController      : Deleting the product
2022-12-28 09:44:17.683  INFO 19496 --- [http-nio-9090-exec-1] c.v.s.s.service.ProductServiceImpl       : Fetching product with id 253
2022-12-28 09:44:17.874 DEBUG 19496 --- [http-nio-9090-exec-1] c.v.s.s.service.ProductServiceImpl       : Product with id = 253 is com.valtech.spring.security.entity.Products@74bf860
2022-12-28 09:44:17.875  INFO 19496 --- [http-nio-9090-exec-1] c.v.s.s.service.ProductServiceImpl       : Deleting product
2022-12-28 09:44:17.894  INFO 19496 --- [http-nio-9090-exec-6] c.v.s.s.service.UserDetailsServiceImpl   : Fetching details of the user through Id
2022-12-28 09:44:17.956 DEBUG 19496 --- [http-nio-9090-exec-6] c.v.s.s.service.UserDetailsServiceImpl   : user details of id127isUser [id=127, name=divya, email=divya@gmail.com, username=ddd, pass=$2a$10$1mkfXEvz5hcdqLe3GIXV0ec2LJZT.hvGolRl8Ok1WAqbei1fmg93q, street=Bangalore, area=jayanagar, city=Mysore, pincode=560064, contact=1234566756, enabled=true, role=ADMIN, roles=[Role [id=1, name=ADMIN]], products=[com.valtech.spring.security.entity.Products@35d9a729, com.valtech.spring.security.entity.Products@6d059ef7, com.valtech.spring.security.entity.Products@3eb96157]]
2022-12-28 09:44:17.957  INFO 19496 --- [http-nio-9090-exec-6] c.v.s.s.controllers.AdminController      : Displaying the entire product list added by the seller divya
2022-12-28 09:44:17.957  INFO 19496 --- [http-nio-9090-exec-6] c.v.s.s.service.UserDetailsServiceImpl   : Fetching user with id127
2022-12-28 09:44:17.958 DEBUG 19496 --- [http-nio-9090-exec-6] c.v.s.s.service.UserDetailsServiceImpl   : User with id=127isUser [id=127, name=divya, email=divya@gmail.com, username=ddd, pass=$2a$10$1mkfXEvz5hcdqLe3GIXV0ec2LJZT.hvGolRl8Ok1WAqbei1fmg93q, street=Bangalore, area=jayanagar, city=Mysore, pincode=560064, contact=1234566756, enabled=true, role=ADMIN, roles=[Role [id=1, name=ADMIN]], products=[com.valtech.spring.security.entity.Products@35d9a729, com.valtech.spring.security.entity.Products@6d059ef7, com.valtech.spring.security.entity.Products@3eb96157]]
2022-12-28 09:44:17.959  INFO 19496 --- [http-nio-9090-exec-6] c.v.s.s.service.UserDetailsServiceImpl   : Fetching user with id127
2022-12-28 09:44:17.961 DEBUG 19496 --- [http-nio-9090-exec-6] c.v.s.s.service.UserDetailsServiceImpl   : User with id=127isUser [id=127, name=divya, email=divya@gmail.com, username=ddd, pass=$2a$10$1mkfXEvz5hcdqLe3GIXV0ec2LJZT.hvGolRl8Ok1WAqbei1fmg93q, street=Bangalore, area=jayanagar, city=Mysore, pincode=560064, contact=1234566756, enabled=true, role=ADMIN, roles=[Role [id=1, name=ADMIN]], products=[com.valtech.spring.security.entity.Products@35d9a729, com.valtech.spring.security.entity.Products@6d059ef7, com.valtech.spring.security.entity.Products@3eb96157]]
2022-12-28 09:44:17.961  INFO 19496 --- [http-nio-9090-exec-6] c.v.s.s.service.ProductServiceImpl       : Listing of products through seller 
2022-12-28 09:44:17.984  INFO 19496 --- [http-nio-9090-exec-6] c.v.s.s.service.ProductServiceImpl       : Listing of products through seller 
2022-12-28 09:44:18.008 DEBUG 19496 --- [http-nio-9090-exec-6] c.v.s.s.controllers.AdminController      : Displaying products [com.valtech.spring.security.entity.Products@35d9a729, com.valtech.spring.security.entity.Products@3eb96157, com.valtech.spring.security.entity.Products@6d059ef7]added by the seller divya
2022-12-28 09:44:18.579  INFO 19496 --- [http-nio-9090-exec-10] c.v.s.s.controllers.AdminController      : Deleting the product
2022-12-28 09:44:18.579  INFO 19496 --- [http-nio-9090-exec-10] c.v.s.s.service.ProductServiceImpl       : Fetching product with id 248
2022-12-28 09:44:18.673 DEBUG 19496 --- [http-nio-9090-exec-10] c.v.s.s.service.ProductServiceImpl       : Product with id = 248 is com.valtech.spring.security.entity.Products@47cab80e
2022-12-28 09:44:18.674  INFO 19496 --- [http-nio-9090-exec-10] c.v.s.s.service.ProductServiceImpl       : Deleting product
2022-12-28 09:44:18.702  INFO 19496 --- [http-nio-9090-exec-4] c.v.s.s.service.UserDetailsServiceImpl   : Fetching details of the user through Id
2022-12-28 09:44:18.730 DEBUG 19496 --- [http-nio-9090-exec-4] c.v.s.s.service.UserDetailsServiceImpl   : user details of id127isUser [id=127, name=divya, email=divya@gmail.com, username=ddd, pass=$2a$10$1mkfXEvz5hcdqLe3GIXV0ec2LJZT.hvGolRl8Ok1WAqbei1fmg93q, street=Bangalore, area=jayanagar, city=Mysore, pincode=560064, contact=1234566756, enabled=true, role=ADMIN, roles=[Role [id=1, name=ADMIN]], products=[com.valtech.spring.security.entity.Products@b5bff36, com.valtech.spring.security.entity.Products@5837ec58]]
2022-12-28 09:44:18.730  INFO 19496 --- [http-nio-9090-exec-4] c.v.s.s.controllers.AdminController      : Displaying the entire product list added by the seller divya
2022-12-28 09:44:18.730  INFO 19496 --- [http-nio-9090-exec-4] c.v.s.s.service.UserDetailsServiceImpl   : Fetching user with id127
2022-12-28 09:44:18.732 DEBUG 19496 --- [http-nio-9090-exec-4] c.v.s.s.service.UserDetailsServiceImpl   : User with id=127isUser [id=127, name=divya, email=divya@gmail.com, username=ddd, pass=$2a$10$1mkfXEvz5hcdqLe3GIXV0ec2LJZT.hvGolRl8Ok1WAqbei1fmg93q, street=Bangalore, area=jayanagar, city=Mysore, pincode=560064, contact=1234566756, enabled=true, role=ADMIN, roles=[Role [id=1, name=ADMIN]], products=[com.valtech.spring.security.entity.Products@b5bff36, com.valtech.spring.security.entity.Products@5837ec58]]
2022-12-28 09:44:18.732  INFO 19496 --- [http-nio-9090-exec-4] c.v.s.s.service.UserDetailsServiceImpl   : Fetching user with id127
2022-12-28 09:44:18.733 DEBUG 19496 --- [http-nio-9090-exec-4] c.v.s.s.service.UserDetailsServiceImpl   : User with id=127isUser [id=127, name=divya, email=divya@gmail.com, username=ddd, pass=$2a$10$1mkfXEvz5hcdqLe3GIXV0ec2LJZT.hvGolRl8Ok1WAqbei1fmg93q, street=Bangalore, area=jayanagar, city=Mysore, pincode=560064, contact=1234566756, enabled=true, role=ADMIN, roles=[Role [id=1, name=ADMIN]], products=[com.valtech.spring.security.entity.Products@b5bff36, com.valtech.spring.security.entity.Products@5837ec58]]
2022-12-28 09:44:18.733  INFO 19496 --- [http-nio-9090-exec-4] c.v.s.s.service.ProductServiceImpl       : Listing of products through seller 
2022-12-28 09:44:18.755  INFO 19496 --- [http-nio-9090-exec-4] c.v.s.s.service.ProductServiceImpl       : Listing of products through seller 
2022-12-28 09:44:18.770 DEBUG 19496 --- [http-nio-9090-exec-4] c.v.s.s.controllers.AdminController      : Displaying products [com.valtech.spring.security.entity.Products@5837ec58, com.valtech.spring.security.entity.Products@b5bff36]added by the seller divya
2022-12-28 09:44:19.251  INFO 19496 --- [http-nio-9090-exec-1] c.v.s.s.controllers.AdminController      : Deleting the product
2022-12-28 09:44:19.252  INFO 19496 --- [http-nio-9090-exec-1] c.v.s.s.service.ProductServiceImpl       : Fetching product with id 261
2022-12-28 09:44:19.296 DEBUG 19496 --- [http-nio-9090-exec-1] c.v.s.s.service.ProductServiceImpl       : Product with id = 261 is com.valtech.spring.security.entity.Products@e28f711
2022-12-28 09:44:19.297  INFO 19496 --- [http-nio-9090-exec-1] c.v.s.s.service.ProductServiceImpl       : Deleting product
2022-12-28 09:44:19.317  INFO 19496 --- [http-nio-9090-exec-6] c.v.s.s.service.UserDetailsServiceImpl   : Fetching details of the user through Id
2022-12-28 09:44:19.331 DEBUG 19496 --- [http-nio-9090-exec-6] c.v.s.s.service.UserDetailsServiceImpl   : user details of id127isUser [id=127, name=divya, email=divya@gmail.com, username=ddd, pass=$2a$10$1mkfXEvz5hcdqLe3GIXV0ec2LJZT.hvGolRl8Ok1WAqbei1fmg93q, street=Bangalore, area=jayanagar, city=Mysore, pincode=560064, contact=1234566756, enabled=true, role=ADMIN, roles=[Role [id=1, name=ADMIN]], products=[com.valtech.spring.security.entity.Products@d636879]]
2022-12-28 09:44:19.332  INFO 19496 --- [http-nio-9090-exec-6] c.v.s.s.controllers.AdminController      : Displaying the entire product list added by the seller divya
2022-12-28 09:44:19.332  INFO 19496 --- [http-nio-9090-exec-6] c.v.s.s.service.UserDetailsServiceImpl   : Fetching user with id127
2022-12-28 09:44:19.333 DEBUG 19496 --- [http-nio-9090-exec-6] c.v.s.s.service.UserDetailsServiceImpl   : User with id=127isUser [id=127, name=divya, email=divya@gmail.com, username=ddd, pass=$2a$10$1mkfXEvz5hcdqLe3GIXV0ec2LJZT.hvGolRl8Ok1WAqbei1fmg93q, street=Bangalore, area=jayanagar, city=Mysore, pincode=560064, contact=1234566756, enabled=true, role=ADMIN, roles=[Role [id=1, name=ADMIN]], products=[com.valtech.spring.security.entity.Products@d636879]]
2022-12-28 09:44:19.333  INFO 19496 --- [http-nio-9090-exec-6] c.v.s.s.service.UserDetailsServiceImpl   : Fetching user with id127
2022-12-28 09:44:19.335 DEBUG 19496 --- [http-nio-9090-exec-6] c.v.s.s.service.UserDetailsServiceImpl   : User with id=127isUser [id=127, name=divya, email=divya@gmail.com, username=ddd, pass=$2a$10$1mkfXEvz5hcdqLe3GIXV0ec2LJZT.hvGolRl8Ok1WAqbei1fmg93q, street=Bangalore, area=jayanagar, city=Mysore, pincode=560064, contact=1234566756, enabled=true, role=ADMIN, roles=[Role [id=1, name=ADMIN]], products=[com.valtech.spring.security.entity.Products@d636879]]
2022-12-28 09:44:19.335  INFO 19496 --- [http-nio-9090-exec-6] c.v.s.s.service.ProductServiceImpl       : Listing of products through seller 
2022-12-28 09:44:19.342  INFO 19496 --- [http-nio-9090-exec-6] c.v.s.s.service.ProductServiceImpl       : Listing of products through seller 
2022-12-28 09:44:19.349 DEBUG 19496 --- [http-nio-9090-exec-6] c.v.s.s.controllers.AdminController      : Displaying products [com.valtech.spring.security.entity.Products@d636879]added by the seller divya
2022-12-28 09:44:19.874  INFO 19496 --- [http-nio-9090-exec-10] c.v.s.s.controllers.AdminController      : Deleting the product
2022-12-28 09:44:19.874  INFO 19496 --- [http-nio-9090-exec-10] c.v.s.s.service.ProductServiceImpl       : Fetching product with id 270
2022-12-28 09:44:19.897 DEBUG 19496 --- [http-nio-9090-exec-10] c.v.s.s.service.ProductServiceImpl       : Product with id = 270 is com.valtech.spring.security.entity.Products@6b91bd78
2022-12-28 09:44:19.897  INFO 19496 --- [http-nio-9090-exec-10] c.v.s.s.service.ProductServiceImpl       : Deleting product
2022-12-28 09:44:19.913  INFO 19496 --- [http-nio-9090-exec-4] c.v.s.s.service.UserDetailsServiceImpl   : Fetching details of the user through Id
2022-12-28 09:44:19.921 DEBUG 19496 --- [http-nio-9090-exec-4] c.v.s.s.service.UserDetailsServiceImpl   : user details of id127isUser [id=127, name=divya, email=divya@gmail.com, username=ddd, pass=$2a$10$1mkfXEvz5hcdqLe3GIXV0ec2LJZT.hvGolRl8Ok1WAqbei1fmg93q, street=Bangalore, area=jayanagar, city=Mysore, pincode=560064, contact=1234566756, enabled=true, role=ADMIN, roles=[Role [id=1, name=ADMIN]], products=[]]
2022-12-28 09:44:19.921  INFO 19496 --- [http-nio-9090-exec-4] c.v.s.s.controllers.AdminController      : Displaying the entire product list added by the seller divya
2022-12-28 09:44:19.921  INFO 19496 --- [http-nio-9090-exec-4] c.v.s.s.service.UserDetailsServiceImpl   : Fetching user with id127
2022-12-28 09:44:19.922 DEBUG 19496 --- [http-nio-9090-exec-4] c.v.s.s.service.UserDetailsServiceImpl   : User with id=127isUser [id=127, name=divya, email=divya@gmail.com, username=ddd, pass=$2a$10$1mkfXEvz5hcdqLe3GIXV0ec2LJZT.hvGolRl8Ok1WAqbei1fmg93q, street=Bangalore, area=jayanagar, city=Mysore, pincode=560064, contact=1234566756, enabled=true, role=ADMIN, roles=[Role [id=1, name=ADMIN]], products=[]]
2022-12-28 09:44:19.922  INFO 19496 --- [http-nio-9090-exec-4] c.v.s.s.service.UserDetailsServiceImpl   : Fetching user with id127
2022-12-28 09:44:19.923 DEBUG 19496 --- [http-nio-9090-exec-4] c.v.s.s.service.UserDetailsServiceImpl   : User with id=127isUser [id=127, name=divya, email=divya@gmail.com, username=ddd, pass=$2a$10$1mkfXEvz5hcdqLe3GIXV0ec2LJZT.hvGolRl8Ok1WAqbei1fmg93q, street=Bangalore, area=jayanagar, city=Mysore, pincode=560064, contact=1234566756, enabled=true, role=ADMIN, roles=[Role [id=1, name=ADMIN]], products=[]]
2022-12-28 09:44:19.923  INFO 19496 --- [http-nio-9090-exec-4] c.v.s.s.service.ProductServiceImpl       : Listing of products through seller 
2022-12-28 09:44:19.928  INFO 19496 --- [http-nio-9090-exec-4] c.v.s.s.service.ProductServiceImpl       : Listing of products through seller 
2022-12-28 09:44:19.933 DEBUG 19496 --- [http-nio-9090-exec-4] c.v.s.s.controllers.AdminController      : Displaying products []added by the seller divya
2022-12-28 09:44:21.119  INFO 19496 --- [http-nio-9090-exec-1] c.v.s.s.controllers.AdminController      : Navigating towards SELLER dashboard with the user-id 127
2022-12-28 09:44:21.119  INFO 19496 --- [http-nio-9090-exec-1] c.v.s.s.service.UserDetailsServiceImpl   : Fetching details of the user through Id
2022-12-28 09:44:21.130 DEBUG 19496 --- [http-nio-9090-exec-1] c.v.s.s.service.UserDetailsServiceImpl   : user details of id127isUser [id=127, name=divya, email=divya@gmail.com, username=ddd, pass=$2a$10$1mkfXEvz5hcdqLe3GIXV0ec2LJZT.hvGolRl8Ok1WAqbei1fmg93q, street=Bangalore, area=jayanagar, city=Mysore, pincode=560064, contact=1234566756, enabled=true, role=ADMIN, roles=[Role [id=1, name=ADMIN]], products=[]]
2022-12-28 09:44:21.130  INFO 19496 --- [http-nio-9090-exec-1] c.v.s.s.service.UserDetailsServiceImpl   : Fetching user with id127
2022-12-28 09:44:21.131 DEBUG 19496 --- [http-nio-9090-exec-1] c.v.s.s.service.UserDetailsServiceImpl   : User with id=127isUser [id=127, name=divya, email=divya@gmail.com, username=ddd, pass=$2a$10$1mkfXEvz5hcdqLe3GIXV0ec2LJZT.hvGolRl8Ok1WAqbei1fmg93q, street=Bangalore, area=jayanagar, city=Mysore, pincode=560064, contact=1234566756, enabled=true, role=ADMIN, roles=[Role [id=1, name=ADMIN]], products=[]]
2022-12-28 09:44:21.131 DEBUG 19496 --- [http-nio-9090-exec-1] c.v.s.s.controllers.AdminController      : The seller divyahas been succesfully entered the dashboard
2022-12-28 09:46:58.732  INFO 19496 --- [http-nio-9090-exec-9] c.v.s.s.service.UserDetailsServiceImpl   : Fetching user with id127
2022-12-28 09:46:58.753 DEBUG 19496 --- [http-nio-9090-exec-9] c.v.s.s.service.UserDetailsServiceImpl   : User with id=127isUser [id=127, name=divya, email=divya@gmail.com, username=ddd, pass=$2a$10$1mkfXEvz5hcdqLe3GIXV0ec2LJZT.hvGolRl8Ok1WAqbei1fmg93q, street=Bangalore, area=jayanagar, city=Mysore, pincode=560064, contact=1234566756, enabled=true, role=ADMIN, roles=[Role [id=1, name=ADMIN]], products=[]]
2022-12-28 09:46:58.753  INFO 19496 --- [http-nio-9090-exec-9] c.v.s.s.service.UserDetailsServiceImpl   : Fetching details of the user through Id
2022-12-28 09:46:58.756 DEBUG 19496 --- [http-nio-9090-exec-9] c.v.s.s.service.UserDetailsServiceImpl   : user details of id127isUser [id=127, name=divya, email=divya@gmail.com, username=ddd, pass=$2a$10$1mkfXEvz5hcdqLe3GIXV0ec2LJZT.hvGolRl8Ok1WAqbei1fmg93q, street=Bangalore, area=jayanagar, city=Mysore, pincode=560064, contact=1234566756, enabled=true, role=ADMIN, roles=[Role [id=1, name=ADMIN]], products=[]]
2022-12-28 09:46:58.756  INFO 19496 --- [http-nio-9090-exec-9] c.v.s.s.controllers.AdminController      : Navigation towards adding new products by the seller 127
2022-12-28 09:46:58.756  INFO 19496 --- [http-nio-9090-exec-9] c.v.s.s.controllers.AdminController      : Checking whether the product added is new/existing one
2022-12-28 09:47:04.775  INFO 19496 --- [http-nio-9090-exec-3] c.v.s.s.controllers.AdminController      : Navigating towards SELLER dashboard with the user-id 127
2022-12-28 09:47:04.776  INFO 19496 --- [http-nio-9090-exec-3] c.v.s.s.service.UserDetailsServiceImpl   : Fetching details of the user through Id
2022-12-28 09:47:04.788 DEBUG 19496 --- [http-nio-9090-exec-3] c.v.s.s.service.UserDetailsServiceImpl   : user details of id127isUser [id=127, name=divya, email=divya@gmail.com, username=ddd, pass=$2a$10$1mkfXEvz5hcdqLe3GIXV0ec2LJZT.hvGolRl8Ok1WAqbei1fmg93q, street=Bangalore, area=jayanagar, city=Mysore, pincode=560064, contact=1234566756, enabled=true, role=ADMIN, roles=[Role [id=1, name=ADMIN]], products=[]]
2022-12-28 09:47:04.788  INFO 19496 --- [http-nio-9090-exec-3] c.v.s.s.service.UserDetailsServiceImpl   : Fetching user with id127
2022-12-28 09:47:04.790 DEBUG 19496 --- [http-nio-9090-exec-3] c.v.s.s.service.UserDetailsServiceImpl   : User with id=127isUser [id=127, name=divya, email=divya@gmail.com, username=ddd, pass=$2a$10$1mkfXEvz5hcdqLe3GIXV0ec2LJZT.hvGolRl8Ok1WAqbei1fmg93q, street=Bangalore, area=jayanagar, city=Mysore, pincode=560064, contact=1234566756, enabled=true, role=ADMIN, roles=[Role [id=1, name=ADMIN]], products=[]]
2022-12-28 09:47:04.790 DEBUG 19496 --- [http-nio-9090-exec-3] c.v.s.s.controllers.AdminController      : The seller divyahas been succesfully entered the dashboard
2022-12-28 09:55:34.986  INFO 19496 --- [http-nio-9090-exec-5] c.v.s.s.service.UserDetailsServiceImpl   : Fetching user with id127
2022-12-28 09:55:35.005 DEBUG 19496 --- [http-nio-9090-exec-5] c.v.s.s.service.UserDetailsServiceImpl   : User with id=127isUser [id=127, name=divya, email=divya@gmail.com, username=ddd, pass=$2a$10$1mkfXEvz5hcdqLe3GIXV0ec2LJZT.hvGolRl8Ok1WAqbei1fmg93q, street=Bangalore, area=jayanagar, city=Mysore, pincode=560064, contact=1234566756, enabled=true, role=ADMIN, roles=[Role [id=1, name=ADMIN]], products=[]]
2022-12-28 09:55:35.006  INFO 19496 --- [http-nio-9090-exec-5] c.v.s.s.service.UserDetailsServiceImpl   : Fetching details of the user through Id
2022-12-28 09:55:35.008 DEBUG 19496 --- [http-nio-9090-exec-5] c.v.s.s.service.UserDetailsServiceImpl   : user details of id127isUser [id=127, name=divya, email=divya@gmail.com, username=ddd, pass=$2a$10$1mkfXEvz5hcdqLe3GIXV0ec2LJZT.hvGolRl8Ok1WAqbei1fmg93q, street=Bangalore, area=jayanagar, city=Mysore, pincode=560064, contact=1234566756, enabled=true, role=ADMIN, roles=[Role [id=1, name=ADMIN]], products=[]]
2022-12-28 09:55:35.009  INFO 19496 --- [http-nio-9090-exec-5] c.v.s.s.controllers.AdminController      : Navigation towards adding new products by the seller 127
2022-12-28 09:55:35.009  INFO 19496 --- [http-nio-9090-exec-5] c.v.s.s.controllers.AdminController      : Checking whether the product added is new/existing one
2022-12-28 09:56:05.624  WARN 19496 --- [http-nio-9090-exec-2] .m.m.a.ExceptionHandlerExceptionResolver : Resolved [org.springframework.web.multipart.MaxUploadSizeExceededException: Maximum upload size exceeded; nested exception is java.lang.IllegalStateException: org.apache.tomcat.util.http.fileupload.impl.FileSizeLimitExceededException: The field eimage exceeds its maximum permitted size of 1048576 bytes.]
2022-12-28 10:16:23.273  INFO 40084 --- [main] c.v.s.s.test.CartLineAndOrderTest        : Starting CartLineAndOrderTest using Java 1.8.0_121 on VDC01LTC2041 with PID 40084 (started by Akshay.K in E:\27-12\Spiceland-12-12-2022\Valtech-miniProject-Spice-Land\Spice-Land)
2022-12-28 10:16:23.285 DEBUG 40084 --- [main] c.v.s.s.test.CartLineAndOrderTest        : Running with Spring Boot v2.7.4, Spring v5.3.23
2022-12-28 10:16:23.286  INFO 40084 --- [main] c.v.s.s.test.CartLineAndOrderTest        : No active profile set, falling back to 1 default profile: "default"
2022-12-28 10:16:24.372  INFO 40084 --- [main] .s.d.r.c.RepositoryConfigurationDelegate : Bootstrapping Spring Data JPA repositories in DEFAULT mode.
2022-12-28 10:16:24.478  INFO 40084 --- [main] .s.d.r.c.RepositoryConfigurationDelegate : Finished Spring Data repository scanning in 93 ms. Found 5 JPA repository interfaces.
2022-12-28 10:16:25.581  INFO 40084 --- [main] o.hibernate.jpa.internal.util.LogHelper  : HHH000204: Processing PersistenceUnitInfo [name: default]
2022-12-28 10:16:25.662  INFO 40084 --- [main] org.hibernate.Version                    : HHH000412: Hibernate ORM core version 5.6.11.Final
2022-12-28 10:16:25.862  INFO 40084 --- [main] o.hibernate.annotations.common.Version   : HCANN000001: Hibernate Commons Annotations {5.1.2.Final}
2022-12-28 10:16:26.103  INFO 40084 --- [main] com.zaxxer.hikari.HikariDataSource       : HikariPool-1 - Starting...
2022-12-28 10:16:26.108  WARN 40084 --- [main] com.zaxxer.hikari.util.DriverDataSource  : Registered driver with driverClassName=oracle.jdbc.driver.OracleDriver was not found, trying direct instantiation.
2022-12-28 10:16:27.033  INFO 40084 --- [main] com.zaxxer.hikari.HikariDataSource       : HikariPool-1 - Start completed.
2022-12-28 10:16:27.055  INFO 40084 --- [main] org.hibernate.dialect.Dialect            : HHH000400: Using dialect: org.hibernate.dialect.Oracle10gDialect
2022-12-28 10:17:02.390  INFO 40084 --- [main] o.h.e.t.j.p.i.JtaPlatformInitiator       : HHH000490: Using JtaPlatform implementation: [org.hibernate.engine.transaction.jta.platform.internal.NoJtaPlatform]
2022-12-28 10:17:02.405  INFO 40084 --- [main] j.LocalContainerEntityManagerFactoryBean : Initialized JPA EntityManagerFactory for persistence unit 'default'
2022-12-28 10:17:02.516  WARN 40084 --- [main] JpaBaseConfiguration$JpaWebConfiguration : spring.jpa.open-in-view is enabled by default. Therefore, database queries may be performed during view rendering. Explicitly configure spring.jpa.open-in-view to disable this warning
2022-12-28 10:17:03.677  WARN 40084 --- [main] o.s.s.c.a.web.builders.WebSecurity       : You are asking Spring Security to ignore Ant [pattern='/css/**']. This is not recommended -- please use permitAll via HttpSecurity#authorizeHttpRequests instead.
2022-12-28 10:17:03.679  INFO 40084 --- [main] o.s.s.web.DefaultSecurityFilterChain     : Will not secure Ant [pattern='/css/**']
2022-12-28 10:17:03.680  WARN 40084 --- [main] o.s.s.c.a.web.builders.WebSecurity       : You are asking Spring Security to ignore Ant [pattern='/images/**']. This is not recommended -- please use permitAll via HttpSecurity#authorizeHttpRequests instead.
2022-12-28 10:17:03.681  INFO 40084 --- [main] o.s.s.web.DefaultSecurityFilterChain     : Will not secure Ant [pattern='/images/**']
2022-12-28 10:17:03.682  WARN 40084 --- [main] o.s.s.c.a.web.builders.WebSecurity       : You are asking Spring Security to ignore Ant [pattern='/js/**']. This is not recommended -- please use permitAll via HttpSecurity#authorizeHttpRequests instead.
2022-12-28 10:17:03.682  INFO 40084 --- [main] o.s.s.web.DefaultSecurityFilterChain     : Will not secure Ant [pattern='/js/**']
2022-12-28 10:17:03.906  INFO 40084 --- [main] o.s.s.web.DefaultSecurityFilterChain     : Will secure any request with [org.springframework.security.web.session.DisableEncodeUrlFilter@267b678f, org.springframework.security.web.context.request.async.WebAsyncManagerIntegrationFilter@4803bf73, org.springframework.security.web.context.SecurityContextPersistenceFilter@21d48c40, org.springframework.security.web.header.HeaderWriterFilter@34ff08c6, org.springframework.security.web.authentication.logout.LogoutFilter@4add4dff, org.springframework.security.web.authentication.UsernamePasswordAuthenticationFilter@4e826fd4, org.springframework.security.web.savedrequest.RequestCacheAwareFilter@37f627d0, org.springframework.security.web.servletapi.SecurityContextHolderAwareRequestFilter@65d2d3cc, org.springframework.security.web.authentication.AnonymousAuthenticationFilter@13731ff4, org.springframework.security.web.session.SessionManagementFilter@71135794, org.springframework.security.web.access.ExceptionTranslationFilter@862624f, org.springframework.security.web.access.intercept.FilterSecurityInterceptor@633cad4d]
2022-12-28 10:17:04.766  INFO 40084 --- [main] o.s.b.a.w.s.WelcomePageHandlerMapping    : Adding welcome page template: index
2022-12-28 10:17:05.273  INFO 40084 --- [main] c.v.s.s.test.CartLineAndOrderTest        : Started CartLineAndOrderTest in 42.461 seconds (JVM running for 44.03)
2022-12-28 10:17:05.396  INFO 40084 --- [main] c.v.s.s.service.ProductServiceImpl       : loading all products
2022-12-28 10:17:05.451  INFO 40084 --- [main] c.v.s.s.service.ProductServiceImpl       : loaded0 products
2022-12-28 10:17:05.452 DEBUG 40084 --- [main] c.v.s.s.service.ProductServiceImpl       : products are []
2022-12-28 10:17:05.475  INFO 40084 --- [main] .b.t.c.SpringBootTestContextBootstrapper : Neither @ContextConfiguration nor @ContextHierarchy found for test class [com.valtech.spring.security.test.ProductTest], using SpringBootContextLoader
2022-12-28 10:17:05.476  INFO 40084 --- [main] o.s.t.c.support.AbstractContextLoader    : Could not detect default resource locations for test class [com.valtech.spring.security.test.ProductTest]: no resource found for suffixes {-context.xml, Context.groovy}.
2022-12-28 10:17:05.477  INFO 40084 --- [main] t.c.s.AnnotationConfigContextLoaderUtils : Could not detect default configuration classes for test class [com.valtech.spring.security.test.ProductTest]: ProductTest does not declare any static, non-private, non-final, nested classes annotated with @Configuration.
2022-12-28 10:17:05.479  INFO 40084 --- [main] .b.t.c.SpringBootTestContextBootstrapper : Found @SpringBootConfiguration com.valtech.spring.security.SpringSecurityTestApplication for test class com.valtech.spring.security.test.ProductTest
2022-12-28 10:17:05.482  INFO 40084 --- [main] .b.t.c.SpringBootTestContextBootstrapper : Loaded default TestExecutionListener class names from location [META-INF/spring.factories]: [org.springframework.boot.test.mock.mockito.MockitoTestExecutionListener, org.springframework.boot.test.mock.mockito.ResetMocksTestExecutionListener, org.springframework.boot.test.autoconfigure.restdocs.RestDocsTestExecutionListener, org.springframework.boot.test.autoconfigure.web.client.MockRestServiceServerResetTestExecutionListener, org.springframework.boot.test.autoconfigure.web.servlet.MockMvcPrintOnlyOnFailureTestExecutionListener, org.springframework.boot.test.autoconfigure.web.servlet.WebDriverTestExecutionListener, org.springframework.boot.test.autoconfigure.webservices.client.MockWebServiceServerTestExecutionListener, org.springframework.test.context.web.ServletTestExecutionListener, org.springframework.test.context.support.DirtiesContextBeforeModesTestExecutionListener, org.springframework.test.context.event.ApplicationEventsTestExecutionListener, org.springframework.test.context.support.DependencyInjectionTestExecutionListener, org.springframework.test.context.support.DirtiesContextTestExecutionListener, org.springframework.test.context.transaction.TransactionalTestExecutionListener, org.springframework.test.context.jdbc.SqlScriptsTestExecutionListener, org.springframework.test.context.event.EventPublishingTestExecutionListener, org.springframework.security.test.context.support.WithSecurityContextTestExecutionListener, org.springframework.security.test.context.support.ReactorContextTestExecutionListener]
2022-12-28 10:17:05.483  INFO 40084 --- [main] .b.t.c.SpringBootTestContextBootstrapper : Using TestExecutionListeners: [org.springframework.test.context.web.ServletTestExecutionListener@799557c8, org.springframework.test.context.support.DirtiesContextBeforeModesTestExecutionListener@1f05d08c, org.springframework.test.context.event.ApplicationEventsTestExecutionListener@2c6d442d, org.springframework.boot.test.mock.mockito.MockitoTestExecutionListener@71842e18, org.springframework.boot.test.autoconfigure.SpringBootDependencyInjectionTestExecutionListener@227c0cf7, org.springframework.test.context.support.DirtiesContextTestExecutionListener@13cc3984, org.springframework.test.context.transaction.TransactionalTestExecutionListener@55465bfc, org.springframework.test.context.jdbc.SqlScriptsTestExecutionListener@5625ba2, org.springframework.test.context.event.EventPublishingTestExecutionListener@47bbf44d, org.springframework.security.test.context.support.WithSecurityContextTestExecutionListener@35c9f527, org.springframework.security.test.context.support.ReactorContextTestExecutionListener@52b7c1d9, org.springframework.boot.test.mock.mockito.ResetMocksTestExecutionListener@451f3f66, org.springframework.boot.test.autoconfigure.restdocs.RestDocsTestExecutionListener@5d1eb214, org.springframework.boot.test.autoconfigure.web.client.MockRestServiceServerResetTestExecutionListener@2784145d, org.springframework.boot.test.autoconfigure.web.servlet.MockMvcPrintOnlyOnFailureTestExecutionListener@4bd1b07d, org.springframework.boot.test.autoconfigure.web.servlet.WebDriverTestExecutionListener@7789526e, org.springframework.boot.test.autoconfigure.webservices.client.MockWebServiceServerTestExecutionListener@5fafd099]
2022-12-28 10:17:05.627  INFO 40084 --- [main] c.v.s.s.service.UserDetailsServiceImpl   : Finding the user by username
2022-12-28 10:17:05.665  INFO 40084 --- [main] c.v.s.s.service.ProductServiceImpl       : Listing of products through seller 
2022-12-28 10:17:05.685  INFO 40084 --- [main] .b.t.c.SpringBootTestContextBootstrapper : Neither @ContextConfiguration nor @ContextHierarchy found for test class [com.valtech.spring.security.test.SpringSecurityTestApplicationTests], using SpringBootContextLoader
2022-12-28 10:17:05.686  INFO 40084 --- [main] o.s.t.c.support.AbstractContextLoader    : Could not detect default resource locations for test class [com.valtech.spring.security.test.SpringSecurityTestApplicationTests]: no resource found for suffixes {-context.xml, Context.groovy}.
2022-12-28 10:17:05.686  INFO 40084 --- [main] t.c.s.AnnotationConfigContextLoaderUtils : Could not detect default configuration classes for test class [com.valtech.spring.security.test.SpringSecurityTestApplicationTests]: SpringSecurityTestApplicationTests does not declare any static, non-private, non-final, nested classes annotated with @Configuration.
2022-12-28 10:17:05.703  INFO 40084 --- [main] .b.t.c.SpringBootTestContextBootstrapper : Found @SpringBootConfiguration com.valtech.spring.security.SpringSecurityTestApplication for test class com.valtech.spring.security.test.SpringSecurityTestApplicationTests
2022-12-28 10:17:05.705  INFO 40084 --- [main] .b.t.c.SpringBootTestContextBootstrapper : Loaded default TestExecutionListener class names from location [META-INF/spring.factories]: [org.springframework.boot.test.mock.mockito.MockitoTestExecutionListener, org.springframework.boot.test.mock.mockito.ResetMocksTestExecutionListener, org.springframework.boot.test.autoconfigure.restdocs.RestDocsTestExecutionListener, org.springframework.boot.test.autoconfigure.web.client.MockRestServiceServerResetTestExecutionListener, org.springframework.boot.test.autoconfigure.web.servlet.MockMvcPrintOnlyOnFailureTestExecutionListener, org.springframework.boot.test.autoconfigure.web.servlet.WebDriverTestExecutionListener, org.springframework.boot.test.autoconfigure.webservices.client.MockWebServiceServerTestExecutionListener, org.springframework.test.context.web.ServletTestExecutionListener, org.springframework.test.context.support.DirtiesContextBeforeModesTestExecutionListener, org.springframework.test.context.event.ApplicationEventsTestExecutionListener, org.springframework.test.context.support.DependencyInjectionTestExecutionListener, org.springframework.test.context.support.DirtiesContextTestExecutionListener, org.springframework.test.context.transaction.TransactionalTestExecutionListener, org.springframework.test.context.jdbc.SqlScriptsTestExecutionListener, org.springframework.test.context.event.EventPublishingTestExecutionListener, org.springframework.security.test.context.support.WithSecurityContextTestExecutionListener, org.springframework.security.test.context.support.ReactorContextTestExecutionListener]
2022-12-28 10:17:05.706  INFO 40084 --- [main] .b.t.c.SpringBootTestContextBootstrapper : Using TestExecutionListeners: [org.springframework.test.context.web.ServletTestExecutionListener@267a8777, org.springframework.test.context.support.DirtiesContextBeforeModesTestExecutionListener@175c26ff, org.springframework.test.context.event.ApplicationEventsTestExecutionListener@623bdc46, org.springframework.boot.test.mock.mockito.MockitoTestExecutionListener@411576c7, org.springframework.boot.test.autoconfigure.SpringBootDependencyInjectionTestExecutionListener@332610ad, org.springframework.test.context.support.DirtiesContextTestExecutionListener@45bbb3e8, org.springframework.test.context.transaction.TransactionalTestExecutionListener@795e8ef5, org.springframework.test.context.jdbc.SqlScriptsTestExecutionListener@13976c57, org.springframework.test.context.event.EventPublishingTestExecutionListener@10b7b5f0, org.springframework.security.test.context.support.WithSecurityContextTestExecutionListener@80b70fd, org.springframework.security.test.context.support.ReactorContextTestExecutionListener@5af7e2f, org.springframework.boot.test.mock.mockito.ResetMocksTestExecutionListener@2df24f19, org.springframework.boot.test.autoconfigure.restdocs.RestDocsTestExecutionListener@c76762, org.springframework.boot.test.autoconfigure.web.client.MockRestServiceServerResetTestExecutionListener@5318731f, org.springframework.boot.test.autoconfigure.web.servlet.MockMvcPrintOnlyOnFailureTestExecutionListener@2db82155, org.springframework.boot.test.autoconfigure.web.servlet.WebDriverTestExecutionListener@128d397c, org.springframework.boot.test.autoconfigure.webservices.client.MockWebServiceServerTestExecutionListener@294ab038]
2022-12-28 10:17:05.752  INFO 40084 --- [main] s.s.t.SpringSecurityTestApplicationTests : Starting SpringSecurityTestApplicationTests using Java 1.8.0_121 on VDC01LTC2041 with PID 40084 (started by Akshay.K in E:\27-12\Spiceland-12-12-2022\Valtech-miniProject-Spice-Land\Spice-Land)
2022-12-28 10:17:05.753 DEBUG 40084 --- [main] s.s.t.SpringSecurityTestApplicationTests : Running with Spring Boot v2.7.4, Spring v5.3.23
2022-12-28 10:17:05.753  INFO 40084 --- [main] s.s.t.SpringSecurityTestApplicationTests : No active profile set, falling back to 1 default profile: "default"
2022-12-28 10:17:06.148  INFO 40084 --- [main] .s.d.r.c.RepositoryConfigurationDelegate : Bootstrapping Spring Data JPA repositories in DEFAULT mode.
2022-12-28 10:17:06.185  INFO 40084 --- [main] .s.d.r.c.RepositoryConfigurationDelegate : Finished Spring Data repository scanning in 36 ms. Found 5 JPA repository interfaces.
2022-12-28 10:17:06.506  INFO 40084 --- [main] o.hibernate.jpa.internal.util.LogHelper  : HHH000204: Processing PersistenceUnitInfo [name: default]
2022-12-28 10:17:06.514  INFO 40084 --- [main] com.zaxxer.hikari.HikariDataSource       : HikariPool-2 - Starting...
2022-12-28 10:17:06.515  WARN 40084 --- [main] com.zaxxer.hikari.util.DriverDataSource  : Registered driver with driverClassName=oracle.jdbc.driver.OracleDriver was not found, trying direct instantiation.
2022-12-28 10:17:06.596  INFO 40084 --- [main] com.zaxxer.hikari.HikariDataSource       : HikariPool-2 - Start completed.
2022-12-28 10:17:06.596  INFO 40084 --- [main] org.hibernate.dialect.Dialect            : HHH000400: Using dialect: org.hibernate.dialect.Oracle10gDialect
2022-12-28 10:17:41.495  INFO 40084 --- [main] o.h.e.t.j.p.i.JtaPlatformInitiator       : HHH000490: Using JtaPlatform implementation: [org.hibernate.engine.transaction.jta.platform.internal.NoJtaPlatform]
2022-12-28 10:17:41.496  INFO 40084 --- [main] j.LocalContainerEntityManagerFactoryBean : Initialized JPA EntityManagerFactory for persistence unit 'default'
2022-12-28 10:17:41.582  WARN 40084 --- [main] JpaBaseConfiguration$JpaWebConfiguration : spring.jpa.open-in-view is enabled by default. Therefore, database queries may be performed during view rendering. Explicitly configure spring.jpa.open-in-view to disable this warning
2022-12-28 10:17:41.935  WARN 40084 --- [main] o.s.s.c.a.web.builders.WebSecurity       : You are asking Spring Security to ignore Ant [pattern='/css/**']. This is not recommended -- please use permitAll via HttpSecurity#authorizeHttpRequests instead.
2022-12-28 10:17:41.935  INFO 40084 --- [main] o.s.s.web.DefaultSecurityFilterChain     : Will not secure Ant [pattern='/css/**']
2022-12-28 10:17:41.935  WARN 40084 --- [main] o.s.s.c.a.web.builders.WebSecurity       : You are asking Spring Security to ignore Ant [pattern='/images/**']. This is not recommended -- please use permitAll via HttpSecurity#authorizeHttpRequests instead.
2022-12-28 10:17:41.936  INFO 40084 --- [main] o.s.s.web.DefaultSecurityFilterChain     : Will not secure Ant [pattern='/images/**']
2022-12-28 10:17:41.936  WARN 40084 --- [main] o.s.s.c.a.web.builders.WebSecurity       : You are asking Spring Security to ignore Ant [pattern='/js/**']. This is not recommended -- please use permitAll via HttpSecurity#authorizeHttpRequests instead.
2022-12-28 10:17:41.936  INFO 40084 --- [main] o.s.s.web.DefaultSecurityFilterChain     : Will not secure Ant [pattern='/js/**']
2022-12-28 10:17:42.089  INFO 40084 --- [main] o.s.s.web.DefaultSecurityFilterChain     : Will secure any request with [org.springframework.security.web.session.DisableEncodeUrlFilter@57d0c779, org.springframework.security.web.context.request.async.WebAsyncManagerIntegrationFilter@3070f59f, org.springframework.security.web.context.SecurityContextPersistenceFilter@1dab2cf5, org.springframework.security.web.header.HeaderWriterFilter@6d97a357, org.springframework.security.web.authentication.logout.LogoutFilter@3a1540be, org.springframework.security.web.authentication.UsernamePasswordAuthenticationFilter@80081d7, org.springframework.security.web.savedrequest.RequestCacheAwareFilter@19f9287a, org.springframework.security.web.servletapi.SecurityContextHolderAwareRequestFilter@4924ad09, org.springframework.security.web.authentication.AnonymousAuthenticationFilter@2f16c21f, org.springframework.security.web.session.SessionManagementFilter@1e6cd1c, org.springframework.security.web.access.ExceptionTranslationFilter@489989eb, org.springframework.security.web.access.intercept.FilterSecurityInterceptor@44bb6856]
2022-12-28 10:17:42.373  INFO 40084 --- [main] o.s.b.a.w.s.WelcomePageHandlerMapping    : Adding welcome page template: index
2022-12-28 10:17:42.762  INFO 40084 --- [main] o.s.b.t.m.w.SpringBootMockServletContext : Initializing Spring TestDispatcherServlet ''
2022-12-28 10:17:42.762  INFO 40084 --- [main] o.s.t.web.servlet.TestDispatcherServlet  : Initializing Servlet ''
2022-12-28 10:17:42.765  INFO 40084 --- [main] o.s.t.web.servlet.TestDispatcherServlet  : Completed initialization in 2 ms
2022-12-28 10:17:42.792  INFO 40084 --- [main] s.s.t.SpringSecurityTestApplicationTests : Started SpringSecurityTestApplicationTests in 37.082 seconds (JVM running for 81.55)
2022-12-28 10:17:42.866  INFO 40084 --- [main] c.v.s.s.controllers.HelloController      : Navigation towards login page
2022-12-28 10:17:42.929  INFO 40084 --- [main] c.v.s.s.controllers.HelloController      : Navigation towards login page
2022-12-28 10:17:42.939  INFO 40084 --- [main] c.v.s.s.controllers.HelloController      : Navigating towards registration page
2022-12-28 10:17:42.977  INFO 40084 --- [main] .b.t.c.SpringBootTestContextBootstrapper : Neither @ContextConfiguration nor @ContextHierarchy found for test class [com.valtech.spring.security.test.UserTest], using SpringBootContextLoader
2022-12-28 10:17:42.978  INFO 40084 --- [main] o.s.t.c.support.AbstractContextLoader    : Could not detect default resource locations for test class [com.valtech.spring.security.test.UserTest]: no resource found for suffixes {-context.xml, Context.groovy}.
2022-12-28 10:17:42.978  INFO 40084 --- [main] t.c.s.AnnotationConfigContextLoaderUtils : Could not detect default configuration classes for test class [com.valtech.spring.security.test.UserTest]: UserTest does not declare any static, non-private, non-final, nested classes annotated with @Configuration.
2022-12-28 10:17:42.981  INFO 40084 --- [main] .b.t.c.SpringBootTestContextBootstrapper : Found @SpringBootConfiguration com.valtech.spring.security.SpringSecurityTestApplication for test class com.valtech.spring.security.test.UserTest
2022-12-28 10:17:42.984  INFO 40084 --- [main] .b.t.c.SpringBootTestContextBootstrapper : Loaded default TestExecutionListener class names from location [META-INF/spring.factories]: [org.springframework.boot.test.mock.mockito.MockitoTestExecutionListener, org.springframework.boot.test.mock.mockito.ResetMocksTestExecutionListener, org.springframework.boot.test.autoconfigure.restdocs.RestDocsTestExecutionListener, org.springframework.boot.test.autoconfigure.web.client.MockRestServiceServerResetTestExecutionListener, org.springframework.boot.test.autoconfigure.web.servlet.MockMvcPrintOnlyOnFailureTestExecutionListener, org.springframework.boot.test.autoconfigure.web.servlet.WebDriverTestExecutionListener, org.springframework.boot.test.autoconfigure.webservices.client.MockWebServiceServerTestExecutionListener, org.springframework.test.context.web.ServletTestExecutionListener, org.springframework.test.context.support.DirtiesContextBeforeModesTestExecutionListener, org.springframework.test.context.event.ApplicationEventsTestExecutionListener, org.springframework.test.context.support.DependencyInjectionTestExecutionListener, org.springframework.test.context.support.DirtiesContextTestExecutionListener, org.springframework.test.context.transaction.TransactionalTestExecutionListener, org.springframework.test.context.jdbc.SqlScriptsTestExecutionListener, org.springframework.test.context.event.EventPublishingTestExecutionListener, org.springframework.security.test.context.support.WithSecurityContextTestExecutionListener, org.springframework.security.test.context.support.ReactorContextTestExecutionListener]
2022-12-28 10:17:42.986  INFO 40084 --- [main] .b.t.c.SpringBootTestContextBootstrapper : Using TestExecutionListeners: [org.springframework.test.context.web.ServletTestExecutionListener@22db12f6, org.springframework.test.context.support.DirtiesContextBeforeModesTestExecutionListener@68e6856c, org.springframework.test.context.event.ApplicationEventsTestExecutionListener@10acfe30, org.springframework.boot.test.mock.mockito.MockitoTestExecutionListener@22bbbe6, org.springframework.boot.test.autoconfigure.SpringBootDependencyInjectionTestExecutionListener@789d45f7, org.springframework.test.context.support.DirtiesContextTestExecutionListener@240c626d, org.springframework.test.context.transaction.TransactionalTestExecutionListener@53a645a2, org.springframework.test.context.jdbc.SqlScriptsTestExecutionListener@c8d20bb, org.springframework.test.context.event.EventPublishingTestExecutionListener@1ead6e20, org.springframework.security.test.context.support.WithSecurityContextTestExecutionListener@59f56892, org.springframework.security.test.context.support.ReactorContextTestExecutionListener@389fad5b, org.springframework.boot.test.mock.mockito.ResetMocksTestExecutionListener@5d72da0b, org.springframework.boot.test.autoconfigure.restdocs.RestDocsTestExecutionListener@285b63eb, org.springframework.boot.test.autoconfigure.web.client.MockRestServiceServerResetTestExecutionListener@5a983f8a, org.springframework.boot.test.autoconfigure.web.servlet.MockMvcPrintOnlyOnFailureTestExecutionListener@1fa8a4f7, org.springframework.boot.test.autoconfigure.web.servlet.WebDriverTestExecutionListener@54c1878b, org.springframework.boot.test.autoconfigure.webservices.client.MockWebServiceServerTestExecutionListener@27f6e2c3]
2022-12-28 10:17:42.992  INFO 40084 --- [main] c.v.s.s.service.UserDetailsServiceImpl   : Finding the user by username
2022-12-28 10:17:43.009  INFO 40084 --- [main] c.v.s.s.service.UserDetailsServiceImpl   : Updating User with id80
2022-12-28 10:17:43.021 DEBUG 40084 --- [main] c.v.s.s.service.UserDetailsServiceImpl   : User updated with id=80
2022-12-28 10:17:43.086  INFO 40084 --- [SpringApplicationShutdownHook] j.LocalContainerEntityManagerFactoryBean : Closing JPA EntityManagerFactory for persistence unit 'default'
2022-12-28 10:17:43.088  INFO 40084 --- [SpringApplicationShutdownHook] com.zaxxer.hikari.HikariDataSource       : HikariPool-1 - Shutdown initiated...
2022-12-28 10:17:43.119  INFO 40084 --- [SpringApplicationShutdownHook] com.zaxxer.hikari.HikariDataSource       : HikariPool-1 - Shutdown completed.
2022-12-28 10:17:43.126  INFO 40084 --- [SpringApplicationShutdownHook] j.LocalContainerEntityManagerFactoryBean : Closing JPA EntityManagerFactory for persistence unit 'default'
2022-12-28 10:17:43.127  INFO 40084 --- [SpringApplicationShutdownHook] com.zaxxer.hikari.HikariDataSource       : HikariPool-2 - Shutdown initiated...
2022-12-28 10:17:43.155  INFO 40084 --- [SpringApplicationShutdownHook] com.zaxxer.hikari.HikariDataSource       : HikariPool-2 - Shutdown completed.
